<?xml version="1.0" encoding="UTF-8"?>
<testsuite name="realworld.BankStatementCSVParserTest" tests="2" skipped="0" failures="0" errors="0" timestamp="2023-02-18T16:16:51" hostname="bjp-Macmini.local" time="0.079">
  <properties/>
  <testcase name="parseLinesFrom_메서드는_여러_줄이_주어지면_거래내역목록을_리턴한다()" classname="realworld.BankStatementCSVParserTest" time="0.072"/>
  <testcase name="parseForm_메서드는_한_줄이_주어지면_거래내역을_리턴한다()" classname="realworld.BankStatementCSVParserTest" time="0.003"/>
  <system-out><![CDATA[]]></system-out>
  <system-err><![CDATA[]]></system-err>
</testsuite>
