<?xml version="1.0" encoding="UTF-8"?>
<testsuite name="org.realworld.TwitterTest" tests="2" skipped="0" failures="0" errors="0" timestamp="2023-02-27T13:17:59" hostname="bjp-Macmini.local" time="0.072">
  <properties/>
  <testcase name="유효하지_않은_로그인_요청이_주어지면_빈_발신자_끝점을_리턴한다()" classname="org.realworld.TwitterTest" time="0.066"/>
  <testcase name="로그인_요청이_주어지면_발신자_끝점을_리턴한다()" classname="org.realworld.TwitterTest" time="0.004"/>
  <system-out><![CDATA[]]></system-out>
  <system-err><![CDATA[]]></system-err>
</testsuite>
