<?xml version="1.0" encoding="UTF-8"?>
<testsuite name="org.realworld.TwitterTest" tests="1" skipped="0" failures="0" errors="0" timestamp="2023-02-26T15:42:16" hostname="bjp-Macmini.local" time="0.021">
  <properties/>
  <testcase name="로그인_요청이_주어지면_로그인이_되어야_한다()" classname="org.realworld.TwitterTest" time="0.021"/>
  <system-out><![CDATA[]]></system-out>
  <system-err><![CDATA[]]></system-err>
</testsuite>
